Arguments: 
  /usr/local/bin/node /Users/dingo/.yarn/bin/yarnpkg install

PATH: 
  /Users/dingo/.yarn/bin:/Users/dingo/.config/yarn/global/node_modules/.bin:/usr/local/opt/mongodb-community@3.6/bin:/usr/local/bin:/usr/bin:/bin:/usr/sbin:/sbin:/usr/local/go/bin:/usr/local/bin/:/usr/local/go/bin/:/Users/dingo/go/bin/

Yarn version: 
  1.19.1

Node version: 
  10.16.3

Platform: 
  darwin x64

Trace: 
  Error: http://localhost:4873/@babel%2fcli/-/cli-7.8.4.tgz: Request failed "500 Internal Server Error"
      at ResponseError.ExtendableBuiltin (/Users/dingo/.yarn/lib/cli.js:696:66)
      at new ResponseError (/Users/dingo/.yarn/lib/cli.js:802:124)
      at Request.<anonymous> (/Users/dingo/.yarn/lib/cli.js:66996:16)
      at Request.emit (events.js:198:13)
      at Request.module.exports.Request.onRequestResponse (/Users/dingo/.yarn/lib/cli.js:141441:10)
      at ClientRequest.emit (events.js:203:15)
      at HTTPParser.parserOnIncomingClient [as onIncoming] (_http_client.js:556:21)
      at HTTPParser.parserOnHeadersComplete (_http_common.js:109:17)
      at Socket.socketOnData (_http_client.js:442:20)
      at Socket.emit (events.js:198:13)

npm manifest: 
  {
    "name": "buffalo",
    "version": "1.0.0",
    "main": "index.js",
    "license": "MIT",
    "scripts": {
      "dev": "webpack --watch",
      "build": "webpack -p --progress"
    },
    "repository": "github.com/gobuffalo/buffalo",
    "dependencies": {
      "bootstrap": "4.3.1",
      "popper.js": "^1.14.4",
      "@fortawesome/fontawesome-free": "^5.8.1",
      "jquery": "~3.4.1",
      "jquery-ujs": "~1.2.2"
    },
    "devDependencies": {
      "@babel/cli": "^7.0.0",
      "@babel/core": "^7.0.0",
      "@babel/preset-env": "^7.0.0",
      "babel-loader": "^8.0.5",
  
      "css-loader": "~1.0.0",
      "expose-loader": "~0.7.5",
      "file-loader": "~2.0.0",
      "gopherjs-loader": "^0.0.1",
      "sass-loader": "~7.1.0",
      "style-loader": "~0.23.0",
      "url-loader": "~1.1.1",
  
      "npm-install-webpack-plugin": "4.0.5",
      "uglifyjs-webpack-plugin": "~1.3.0",
      "mini-css-extract-plugin": "^0.4.2",
      "webpack-clean-obsolete-chunks": "^0.4.0",
      "copy-webpack-plugin": "~4.5.2",
  
      "webpack": "~4.5.0",
      "webpack-cli": "3.1.0",
      "webpack-livereload-plugin":"2.1.1",
      "webpack-manifest-plugin": "~2.0.0",
      "node-sass": "~4.12.0"
    }
  }

yarn manifest: 
  No manifest

Lockfile: 
  No lockfile
